<?xml version="1.0" encoding="UTF-8"?>
<testsuite xmlns:xsi="http://www.w3.org/2001/XMLSchema-instance" xsi:noNamespaceSchemaLocation="https://maven.apache.org/surefire/maven-surefire-plugin/xsd/surefire-test-report.xsd" version="3.0.2" name="com.chriswatia.restdemo.service.impl.CloudVendorServiceImplTest" time="0.444" tests="6" errors="0" skipped="0" failures="0">
  <properties>
[...]
</properties>
  <testcase name="testUpdateCloudVendor" classname="com.chriswatia.restdemo.service.impl.CloudVendorServiceImplTest" time="0.396"/>
  <testcase name="testGetAllCloudVendors" classname="com.chriswatia.restdemo.service.impl.CloudVendorServiceImplTest" time="0.011"/>
  <testcase name="testDeleteCloudVendor" classname="com.chriswatia.restdemo.service.impl.CloudVendorServiceImplTest" time="0.009"/>
  <testcase name="testGetCloudVendor" classname="com.chriswatia.restdemo.service.impl.CloudVendorServiceImplTest" time="0.006"/>
  <testcase name="testGetByVendorName" classname="com.chriswatia.restdemo.service.impl.CloudVendorServiceImplTest" time="0.005"/>
  <testcase name="testCreateCloudVendor" classname="com.chriswatia.restdemo.service.impl.CloudVendorServiceImplTest" time="0.005"/>
</testsuite>